Building DAG of jobs...
Using shell: /bin/bash
Provided cores: 1
Rules claiming more threads will be scaled down.
Job counts:
	count	jobs
	1	create_phyml_tree
	1	plot_phyml_tree
	2

[Tue Apr 14 11:40:44 2020]
rule create_phyml_tree:
    input: snippy/two_strains.phylip
    output: phyml/two_strains_phyml_tree.txt
    jobid: 1
    wildcards: align=two_strains

[Tue Apr 14 11:40:44 2020]
Finished job 1.
1 of 2 steps (50%) done

[Tue Apr 14 11:40:44 2020]
rule plot_phyml_tree:
    input: scripts/plot_phyml_tree.R, phyml/two_strains_phyml_tree.txt, data/summary_strains.xlsx
    output: plots/two_strains_phylogeny_tree.svg
    jobid: 0
    wildcards: align=two_strains

[Tue Apr 14 11:40:50 2020]
Finished job 0.
2 of 2 steps (100%) done
Complete log: /home/t-iris-005/SOFTWARE/ulcerans_phylogeny/.snakemake/log/2020-04-14T114044.440800.snakemake.log
