Building DAG of jobs...
Using shell: /bin/bash
Provided cores: 1
Rules claiming more threads will be scaled down.
Job counts:
	count	jobs
	1	all
	1	run_snippy_on_compressed_fastq
	2

[Tue Apr 14 10:27:18 2020]
rule run_snippy_on_compressed_fastq:
    input: /home/t-iris-005/0-RAW_DATA/Genomes_Benin_samples/1793-13_R1.fastq.gz, /home/t-iris-005/0-RAW_DATA/Genomes_Benin_samples/327-8-12_R1.fastq.gz, /home/t-iris-005/0-RAW_DATA/Genomes_Benin_samples/1793-13_R2.fastq.gz, /home/t-iris-005/0-RAW_DATA/Genomes_Benin_samples/327-8-12_R2.fastq.gz, data/ref/Agy99.fa
    output: snippy/1793-13/snps.csv, snippy/327-8-12/snps.csv
    jobid: 1

Terminating processes on user request, this might take some time.
[Tue Apr 14 10:30:00 2020]
Error in rule run_snippy_on_compressed_fastq:
    jobid: 1
    output: snippy/1793-13/snps.csv, snippy/327-8-12/snps.csv
    shell:
        snippy --force --cpus 8 --outdir snippy/1793-13/ snippy/327-8-12/ --reference data/ref/Agy99.fa --R1 /home/t-iris-005/0-RAW_DATA/Genomes_Benin_samples/1793-13_R1.fastq.gz /home/t-iris-005/0-RAW_DATA/Genomes_Benin_samples/327-8-12_R1.fastq.gz --R2 /home/t-iris-005/0-RAW_DATA/Genomes_Benin_samples/1793-13_R2.fastq.gz /home/t-iris-005/0-RAW_DATA/Genomes_Benin_samples/327-8-12_R2.fastq.gz  --mincov 10

Complete log: /home/t-iris-005/SOFTWARE/ulcerans_phylogeny/.snakemake/log/2020-04-14T102718.156719.snakemake.log
